\BOOKMARK [1][-]{section.1}{Introduction}{}% 1
\BOOKMARK [1][-]{section.2}{Proposed Goals}{}% 2
\BOOKMARK [2][-]{subsection.2.1}{Minimum Viable Product \(MVP\)}{section.2}% 3
\BOOKMARK [2][-]{subsection.2.2}{Expected Product \(EP\)}{section.2}% 4
\BOOKMARK [2][-]{subsection.2.3}{High-achievement Product \(HAP\)}{section.2}% 5
\BOOKMARK [1][-]{section.3}{Requirements}{}% 6
\BOOKMARK [2][-]{subsection.3.1}{MVP Goals}{section.3}% 7
\BOOKMARK [3][-]{subsubsection.3.1.1}{Subgoal 1}{subsection.3.1}% 8
\BOOKMARK [3][-]{subsubsection.3.1.2}{Subgoal 2}{subsection.3.1}% 9
\BOOKMARK [3][-]{subsubsection.3.1.3}{Subgoal 3}{subsection.3.1}% 10
\BOOKMARK [2][-]{subsection.3.2}{EP Goals}{section.3}% 11
\BOOKMARK [3][-]{subsubsection.3.2.1}{Subgoal 1}{subsection.3.2}% 12
\BOOKMARK [3][-]{subsubsection.3.2.2}{Subgoal 2}{subsection.3.2}% 13
\BOOKMARK [2][-]{subsection.3.3}{HAP Goals}{section.3}% 14
\BOOKMARK [3][-]{subsubsection.3.3.1}{Subgoal 1}{subsection.3.3}% 15
\BOOKMARK [3][-]{subsubsection.3.3.2}{Subgoal 2}{subsection.3.3}% 16
\BOOKMARK [3][-]{subsubsection.3.3.3}{Subgoal 3 \(Stretch Goal\)}{subsection.3.3}% 17
\BOOKMARK [1][-]{section.4}{Timelines}{}% 18
\BOOKMARK [2][-]{subsection.4.1}{MVP Timeline}{section.4}% 19
\BOOKMARK [2][-]{subsection.4.2}{EP Timeline}{section.4}% 20
\BOOKMARK [2][-]{subsection.4.3}{HAP Timeline}{section.4}% 21
\BOOKMARK [2][-]{subsection.4.4}{Project Timeline}{section.4}% 22
\BOOKMARK [1][-]{section.5}{Data Policy}{}% 23
\BOOKMARK [2][-]{subsection.5.1}{Data Sources}{section.5}% 24
\BOOKMARK [2][-]{subsection.5.2}{Repositories}{section.5}% 25
\BOOKMARK [1][-]{Item.18}{References}{}% 26
