This is pdfTeX, Version 3.14159265-2.6-1.40.19 (MiKTeX 2.9.6930 64-bit) (preloaded format=pdflatex 2019.1.27)  31 JAN 2019 08:33
entering extended mode
**./l445-practical-01a.tex
(l445-practical-01a.tex
LaTeX2e <2018-12-01>
("P:\Editors\MiKTeX\MiKTeX 2.9\tex/latex/base\article.cls"
Document Class: article 2018/09/03 v1.4i Standard LaTeX document class
("P:\Editors\MiKTeX\MiKTeX 2.9\tex/latex/base\fleqn.clo"
File: fleqn.clo 2016/12/29 v1.2b Standard LaTeX option (flush left equations)
\mathindent=\dimen102
Applying: [2015/01/01] Make \[ robust on input line 50.
LaTeX Info: Redefining \[ on input line 51.
Already applied: [0000/00/00] Make \[ robust on input line 62.
Applying: [2015/01/01] Make \] robust on input line 74.
LaTeX Info: Redefining \] on input line 75.
Already applied: [0000/00/00] Make \] robust on input line 83.
)
("P:\Editors\MiKTeX\MiKTeX 2.9\tex/latex/base\size10.clo"
File: size10.clo 2018/09/03 v1.4i Standard LaTeX file (size option)
)
\c@part=\count80
\c@section=\count81
\c@subsection=\count82
\c@subsubsection=\count83
\c@paragraph=\count84
\c@subparagraph=\count85
\c@figure=\count86
\c@table=\count87
\abovecaptionskip=\skip41
\belowcaptionskip=\skip42
\bibindent=\dimen103
)
("P:\Editors\MiKTeX\MiKTeX 2.9\tex/latex/tools\enumerate.sty"
Package: enumerate 2015/07/23 v3.00 enumerate extensions (DPC)
\@enLab=\toks14
)
("P:\Editors\MiKTeX\MiKTeX 2.9\tex/latex/fancyhdr\fancyhdr.sty"
Package: fancyhdr 2017/06/30 v3.9a Extensive control of page headers and footer
s
\f@nch@headwidth=\skip43
\f@nch@O@elh=\skip44
\f@nch@O@erh=\skip45
\f@nch@O@olh=\skip46
\f@nch@O@orh=\skip47
\f@nch@O@elf=\skip48
\f@nch@O@erf=\skip49
\f@nch@O@olf=\skip50
\f@nch@O@orf=\skip51
)
("P:\Editors\MiKTeX\MiKTeX 2.9\tex/latex/lastpage\lastpage.sty"
Package: lastpage 2015/03/29 v1.2m Refers to last page's name (HMM; JPG)
)
("P:\Editors\MiKTeX\MiKTeX 2.9\tex/latex/fancyhdr\extramarks.sty"
Package: extramarks 2017/06/30 v3.9a Extra marks for LaTeX
\@temptokenb=\toks15
)
("P:\Editors\MiKTeX\MiKTeX 2.9\tex/latex/graphics\color.sty"
Package: color 2016/07/10 v1.1e Standard LaTeX Color (DPC)

("P:\Editors\MiKTeX\MiKTeX 2.9\tex/latex/graphics-cfg\color.cfg"
File: color.cfg 2016/01/02 v1.6 sample color configuration
)
Package color Info: Driver file: pdftex.def on input line 147.

("P:\Editors\MiKTeX\MiKTeX 2.9\tex/latex/graphics-def\pdftex.def"
File: pdftex.def 2018/01/08 v1.0l Graphics/color driver for pdftex
)
("P:\Editors\MiKTeX\MiKTeX 2.9\tex/latex/graphics\dvipsnam.def"
File: dvipsnam.def 2016/06/17 v3.0m Driver-dependent file (DPC,SPQR)
))
("P:\Editors\MiKTeX\MiKTeX 2.9\tex/latex/graphics\graphicx.sty"
Package: graphicx 2017/06/01 v1.1a Enhanced LaTeX Graphics (DPC,SPQR)

("P:\Editors\MiKTeX\MiKTeX 2.9\tex/latex/graphics\keyval.sty"
Package: keyval 2014/10/28 v1.15 key=value parser (DPC)
\KV@toks@=\toks16
)
("P:\Editors\MiKTeX\MiKTeX 2.9\tex/latex/graphics\graphics.sty"
Package: graphics 2017/06/25 v1.2c Standard LaTeX Graphics (DPC,SPQR)

("P:\Editors\MiKTeX\MiKTeX 2.9\tex/latex/graphics\trig.sty"
Package: trig 2016/01/03 v1.10 sin cos tan (DPC)
)
("P:\Editors\MiKTeX\MiKTeX 2.9\tex/latex/graphics-cfg\graphics.cfg"
File: graphics.cfg 2016/06/04 v1.11 sample graphics configuration
)
Package graphics Info: Driver file: pdftex.def on input line 99.
)
\Gin@req@height=\dimen104
\Gin@req@width=\dimen105
)
("P:\Editors\MiKTeX\MiKTeX 2.9\tex/latex/listings\listings.sty"
\lst@mode=\count88
\lst@gtempboxa=\box27
\lst@token=\toks17
\lst@length=\count89
\lst@currlwidth=\dimen106
\lst@column=\count90
\lst@pos=\count91
\lst@lostspace=\dimen107
\lst@width=\dimen108
\lst@newlines=\count92
\lst@lineno=\count93
\lst@maxwidth=\dimen109

("P:\Editors\MiKTeX\MiKTeX 2.9\tex/latex/listings\lstmisc.sty"
File: lstmisc.sty 2018/09/02 1.7 (Carsten Heinz)
\c@lstnumber=\count94
\lst@skipnumbers=\count95
\lst@framebox=\box28
)
("P:\Editors\MiKTeX\MiKTeX 2.9\tex/latex/listings\listings.cfg"
File: listings.cfg 2018/09/02 1.7 listings configuration
))
Package: listings 2018/09/02 1.7 (Carsten Heinz)

("P:\Editors\MiKTeX\MiKTeX 2.9\tex/latex/psnfss\courier.sty"
Package: courier 2005/04/12 PSNFSS-v9.2a (WaS) 
)
("P:\Editors\MiKTeX\MiKTeX 2.9\tex/latex/lipsum\lipsum.sty"
("P:\Editors\MiKTeX\MiKTeX 2.9\tex/latex/l3kernel\expl3.sty"
Package: expl3 2019-01-13 L3 programming layer (loader) 

("P:\Editors\MiKTeX\MiKTeX 2.9\tex/latex/l3kernel\expl3-code.tex"
Package: expl3 2019-01-13 L3 programming layer (code)
\c_max_int=\count96
\l_tmpa_int=\count97
\l_tmpb_int=\count98
\g_tmpa_int=\count99
\g_tmpb_int=\count100
\g__kernel_prg_map_int=\count101
\c_log_iow=\count102
\l_iow_line_count_int=\count103
\l__iow_line_target_int=\count104
\l__iow_one_indent_int=\count105
\l__iow_indent_int=\count106
\c_zero_dim=\dimen110
\c_max_dim=\dimen111
\l_tmpa_dim=\dimen112
\l_tmpb_dim=\dimen113
\g_tmpa_dim=\dimen114
\g_tmpb_dim=\dimen115
\c_zero_skip=\skip52
\c_max_skip=\skip53
\l_tmpa_skip=\skip54
\l_tmpb_skip=\skip55
\g_tmpa_skip=\skip56
\g_tmpb_skip=\skip57
\c_zero_muskip=\muskip10
\c_max_muskip=\muskip11
\l_tmpa_muskip=\muskip12
\l_tmpb_muskip=\muskip13
\g_tmpa_muskip=\muskip14
\g_tmpb_muskip=\muskip15
\l_keys_choice_int=\count107
\l__intarray_loop_int=\count108
\c__intarray_sp_dim=\dimen116
\g__intarray_font_int=\count109
\c__fp_leading_shift_int=\count110
\c__fp_middle_shift_int=\count111
\c__fp_trailing_shift_int=\count112
\c__fp_big_leading_shift_int=\count113
\c__fp_big_middle_shift_int=\count114
\c__fp_big_trailing_shift_int=\count115
\c__fp_Bigg_leading_shift_int=\count116
\c__fp_Bigg_middle_shift_int=\count117
\c__fp_Bigg_trailing_shift_int=\count118
\c__kernel_randint_max_int=\count119
\g__fp_array_int=\count120
\l__fp_array_loop_int=\count121
\l__sort_length_int=\count122
\l__sort_min_int=\count123
\l__sort_top_int=\count124
\l__sort_max_int=\count125
\l__sort_true_max_int=\count126
\l__sort_block_int=\count127
\l__sort_begin_int=\count128
\l__sort_end_int=\count129
\l__sort_A_int=\count130
\l__sort_B_int=\count131
\l__sort_C_int=\count132
\l__tl_analysis_normal_int=\count133
\l__tl_analysis_index_int=\count134
\l__tl_analysis_nesting_int=\count135
\l__tl_analysis_type_int=\count136
\l__regex_internal_a_int=\count137
\l__regex_internal_b_int=\count138
\l__regex_internal_c_int=\count139
\l__regex_balance_int=\count140
\l__regex_group_level_int=\count141
\l__regex_mode_int=\count142
\c__regex_cs_in_class_mode_int=\count143
\c__regex_cs_mode_int=\count144
\l__regex_catcodes_int=\count145
\l__regex_default_catcodes_int=\count146
\c__regex_catcode_D_int=\count147
\c__regex_catcode_S_int=\count148
\c__regex_catcode_L_int=\count149
\c__regex_catcode_O_int=\count150
\c__regex_catcode_A_int=\count151
\c__regex_all_catcodes_int=\count152
\l__regex_show_lines_int=\count153
\l__regex_min_state_int=\count154
\l__regex_max_state_int=\count155
\l__regex_left_state_int=\count156
\l__regex_right_state_int=\count157
\l__regex_capturing_group_int=\count158
\l__regex_min_pos_int=\count159
\l__regex_max_pos_int=\count160
\l__regex_curr_pos_int=\count161
\l__regex_start_pos_int=\count162
\l__regex_success_pos_int=\count163
\l__regex_curr_char_int=\count164
\l__regex_curr_catcode_int=\count165
\l__regex_last_char_int=\count166
\l__regex_case_changed_char_int=\count167
\l__regex_curr_state_int=\count168
\l__regex_step_int=\count169
\l__regex_min_active_int=\count170
\l__regex_max_active_int=\count171
\l__regex_replacement_csnames_int=\count172
\l__regex_match_count_int=\count173
\l__regex_min_submatch_int=\count174
\l__regex_submatch_int=\count175
\l__regex_zeroth_submatch_int=\count176
\g__regex_trace_regex_int=\count177
\c_empty_box=\box29
\l_tmpa_box=\box30
\l_tmpb_box=\box31
\g_tmpa_box=\box32
\g_tmpb_box=\box33
\l__box_top_dim=\dimen117
\l__box_bottom_dim=\dimen118
\l__box_left_dim=\dimen119
\l__box_right_dim=\dimen120
\l__box_top_new_dim=\dimen121
\l__box_bottom_new_dim=\dimen122
\l__box_left_new_dim=\dimen123
\l__box_right_new_dim=\dimen124
\l__box_internal_box=\box34
\l__coffin_internal_box=\box35
\l__coffin_internal_dim=\dimen125
\l__coffin_offset_x_dim=\dimen126
\l__coffin_offset_y_dim=\dimen127
\l__coffin_x_dim=\dimen128
\l__coffin_y_dim=\dimen129
\l__coffin_x_prime_dim=\dimen130
\l__coffin_y_prime_dim=\dimen131
\c_empty_coffin=\box36
\l__coffin_aligned_coffin=\box37
\l__coffin_aligned_internal_coffin=\box38
\l_tmpa_coffin=\box39
\l_tmpb_coffin=\box40
\l__coffin_display_coffin=\box41
\l__coffin_display_coord_coffin=\box42
\l__coffin_display_pole_coffin=\box43
\l__coffin_display_offset_dim=\dimen132
\l__coffin_display_x_dim=\dimen133
\l__coffin_display_y_dim=\dimen134
\g__file_internal_ior=\read1
\l__coffin_bounding_shift_dim=\dimen135
\l__coffin_left_corner_dim=\dimen136
\l__coffin_right_corner_dim=\dimen137
\l__coffin_bottom_corner_dim=\dimen138
\l__coffin_top_corner_dim=\dimen139
\l__coffin_scaled_total_height_dim=\dimen140
\l__coffin_scaled_width_dim=\dimen141
\l__seq_internal_a_int=\count178
\l__seq_internal_b_int=\count179
)
("P:\Editors\MiKTeX\MiKTeX 2.9\tex/latex/l3kernel\l3pdfmode.def"
File: l3pdfmode.def 2019-01-13 v L3 Experimental driver: PDF mode
\l__driver_color_stack_int=\count180
))
("P:\Editors\MiKTeX\MiKTeX 2.9\tex/latex/l3packages/xparse\xparse.sty"
Package: xparse 2018-10-17 L3 Experimental document command parser
\l__xparse_current_arg_int=\count181
\g__xparse_grabber_int=\count182
\l__xparse_m_args_int=\count183
\l__xparse_mandatory_args_int=\count184
\l__xparse_v_nesting_int=\count185
)
Package: lipsum 2019/01/02 v2.2 150 paragraphs of Lorem Ipsum dummy text

("P:\Editors\MiKTeX\MiKTeX 2.9\tex/latex/lipsum\lipsum.ltd.tex"
File: lipsum.ltd.tex 2019/01/02 v2.2 The Lorem ipsum dummy text
))
("P:\Editors\MiKTeX\MiKTeX 2.9\tex/latex/url\url.sty"
\Urlmuskip=\muskip16
Package: url 2013/09/16  ver 3.4  Verb mode for urls, etc.
)
("P:\Editors\MiKTeX\MiKTeX 2.9\tex/latex/amsmath\amsmath.sty"
Package: amsmath 2018/12/01 v2.17b AMS math features
\@mathmargin=\skip58

For additional information on amsmath, use the `?' option.
("P:\Editors\MiKTeX\MiKTeX 2.9\tex/latex/amsmath\amstext.sty"
Package: amstext 2000/06/29 v2.01 AMS text

("P:\Editors\MiKTeX\MiKTeX 2.9\tex/latex/amsmath\amsgen.sty"
File: amsgen.sty 1999/11/30 v2.0 generic functions
\@emptytoks=\toks18
\ex@=\dimen142
))
("P:\Editors\MiKTeX\MiKTeX 2.9\tex/latex/amsmath\amsbsy.sty"
Package: amsbsy 1999/11/29 v1.2d Bold Symbols
\pmbraise@=\dimen143
)
("P:\Editors\MiKTeX\MiKTeX 2.9\tex/latex/amsmath\amsopn.sty"
Package: amsopn 2016/03/08 v2.02 operator names
)
\inf@bad=\count186
LaTeX Info: Redefining \frac on input line 223.
\uproot@=\count187
\leftroot@=\count188
LaTeX Info: Redefining \overline on input line 385.
\classnum@=\count189
\DOTSCASE@=\count190
LaTeX Info: Redefining \ldots on input line 482.
LaTeX Info: Redefining \dots on input line 485.
LaTeX Info: Redefining \cdots on input line 606.
\Mathstrutbox@=\box44
\strutbox@=\box45
\big@size=\dimen144
LaTeX Font Info:    Redeclaring font encoding OML on input line 729.
LaTeX Font Info:    Redeclaring font encoding OMS on input line 730.
\macc@depth=\count191
\c@MaxMatrixCols=\count192
\dotsspace@=\muskip17
\c@parentequation=\count193
\dspbrk@lvl=\count194
\tag@help=\toks19
\row@=\count195
\column@=\count196
\maxfields@=\count197
\andhelp@=\toks20
\eqnshift@=\dimen145
\alignsep@=\dimen146
\tagshift@=\dimen147
\tagwidth@=\dimen148
\totwidth@=\dimen149
\lineht@=\dimen150
\@envbody=\toks21
\multlinegap=\skip59
\multlinetaggap=\skip60
\mathdisplay@stack=\toks22
LaTeX Info: Redefining \[ on input line 2844.
LaTeX Info: Redefining \] on input line 2845.
)
("P:\Editors\MiKTeX\MiKTeX 2.9\tex/latex/koma-script\scrextend.sty"
Package: scrextend 2018/12/30 v3.26a KOMA-Script package (extend other classes 
with features of KOMA-Script classes)

("P:\Editors\MiKTeX\MiKTeX 2.9\tex/latex/koma-script\scrkbase.sty"
Package: scrkbase 2018/12/30 v3.26a KOMA-Script package (KOMA-Script-dependent 
basics and keyval usage)

("P:\Editors\MiKTeX\MiKTeX 2.9\tex/latex/koma-script\scrbase.sty"
Package: scrbase 2018/12/30 v3.26a KOMA-Script package (KOMA-Script-independent
 basics and keyval usage)

("P:\Editors\MiKTeX\MiKTeX 2.9\tex/latex/koma-script\scrlfile.sty"
Package: scrlfile 2018/12/30 v3.26a KOMA-Script package (loading files)
))))
("P:\Editors\MiKTeX\MiKTeX 2.9\tex/latex/tools\verbatim.sty"
Package: verbatim 2014/10/28 v1.5q LaTeX2e package for verbatim enhancements
\every@verbatim=\toks23
\verbatim@line=\toks24
\verbatim@in@stream=\read2
)
("P:\Editors\MiKTeX\MiKTeX 2.9\tex/latex/mathtools\mathtools.sty"
Package: mathtools 2018/01/08 v1.21 mathematical typesetting tools

("P:\Editors\MiKTeX\MiKTeX 2.9\tex/latex/tools\calc.sty"
Package: calc 2017/05/25 v4.3 Infix arithmetic (KKT,FJ)
\calc@Acount=\count198
\calc@Bcount=\count199
\calc@Adimen=\dimen151
\calc@Bdimen=\dimen152
\calc@Askip=\skip61
\calc@Bskip=\skip62
LaTeX Info: Redefining \setlength on input line 80.
LaTeX Info: Redefining \addtolength on input line 81.
\calc@Ccount=\count266
\calc@Cskip=\skip63
)
("P:\Editors\MiKTeX\MiKTeX 2.9\tex/latex/mathtools\mhsetup.sty"
Package: mhsetup 2017/03/31 v1.3 programming setup (MH)
)
LaTeX Info: Thecontrolsequence`\('isalreadyrobust on input line 129.
LaTeX Info: Thecontrolsequence`\)'isalreadyrobust on input line 129.
LaTeX Info: Thecontrolsequence`\['isalreadyrobust on input line 129.
LaTeX Info: Thecontrolsequence`\]'isalreadyrobust on input line 129.
\g_MT_multlinerow_int=\count267
\l_MT_multwidth_dim=\dimen153
\origjot=\skip64
\l_MT_shortvdotswithinadjustabove_dim=\dimen154
\l_MT_shortvdotswithinadjustbelow_dim=\dimen155
\l_MT_above_intertext_sep=\dimen156
\l_MT_below_intertext_sep=\dimen157
\l_MT_above_shortintertext_sep=\dimen158
\l_MT_below_shortintertext_sep=\dimen159
)
("P:\Editors\MiKTeX\MiKTeX 2.9\tex/latex/tools\multicol.sty"
Package: multicol 2018/12/27 v1.8v multicolumn formatting (FMi)
\c@tracingmulticols=\count268
\mult@box=\box46
\multicol@leftmargin=\dimen160
\c@unbalance=\count269
\c@collectmore=\count270
\doublecol@number=\count271
\multicoltolerance=\count272
\multicolpretolerance=\count273
\full@width=\dimen161
\page@free=\dimen162
\premulticols=\dimen163
\postmulticols=\dimen164
\multicolsep=\skip65
\multicolbaselineskip=\skip66
\partial@page=\box47
\last@line=\box48
\maxbalancingoverflow=\dimen165
\mult@rightbox=\box49
\mult@grightbox=\box50
\mult@gfirstbox=\box51
\mult@firstbox=\box52
\@tempa=\box53
\@tempa=\box54
\@tempa=\box55
\@tempa=\box56
\@tempa=\box57
\@tempa=\box58
\@tempa=\box59
\@tempa=\box60
\@tempa=\box61
\@tempa=\box62
\@tempa=\box63
\@tempa=\box64
\@tempa=\box65
\@tempa=\box66
\@tempa=\box67
\@tempa=\box68
\@tempa=\box69
\c@columnbadness=\count274
\c@finalcolumnbadness=\count275
\last@try=\dimen166
\multicolovershoot=\dimen167
\multicolundershoot=\dimen168
\mult@nat@firstbox=\box70
\colbreak@box=\box71
\mc@col@check@num=\count276
)
("P:\Editors\MiKTeX\MiKTeX 2.9\tex/latex/pgf/frontendlayer\tikz.sty"
("P:\Editors\MiKTeX\MiKTeX 2.9\tex/latex/pgf/basiclayer\pgf.sty"
("P:\Editors\MiKTeX\MiKTeX 2.9\tex/latex/pgf/utilities\pgfrcs.sty"
("P:\Editors\MiKTeX\MiKTeX 2.9\tex/generic/pgf/utilities\pgfutil-common.tex"
\pgfutil@everybye=\toks25
\pgfutil@tempdima=\dimen169
\pgfutil@tempdimb=\dimen170

("P:\Editors\MiKTeX\MiKTeX 2.9\tex/generic/pgf/utilities\pgfutil-common-lists.t
ex")) ("P:\Editors\MiKTeX\MiKTeX 2.9\tex/generic/pgf/utilities\pgfutil-latex.de
f"
\pgfutil@abb=\box72
 ("P:\Editors\MiKTeX\MiKTeX 2.9\tex/latex/ms\everyshi.sty"
Package: everyshi 2001/05/15 v3.00 EveryShipout Package (MS)
))
("P:\Editors\MiKTeX\MiKTeX 2.9\tex/generic/pgf/utilities\pgfrcs.code.tex"
("P:\Editors\MiKTeX\MiKTeX 2.9\tex/generic/pgf\pgf.revision.tex")
Package: pgfrcs 2019/01/05 v3.1 (3.1)
))
Package: pgf 2019/01/05 v3.1 (3.1)

("P:\Editors\MiKTeX\MiKTeX 2.9\tex/latex/pgf/basiclayer\pgfcore.sty"
("P:\Editors\MiKTeX\MiKTeX 2.9\tex/latex/pgf/systemlayer\pgfsys.sty"
("P:\Editors\MiKTeX\MiKTeX 2.9\tex/generic/pgf/systemlayer\pgfsys.code.tex"
Package: pgfsys 2019/01/05 v3.1 (3.1)

("P:\Editors\MiKTeX\MiKTeX 2.9\tex/generic/pgf/utilities\pgfkeys.code.tex"
\pgfkeys@pathtoks=\toks26
\pgfkeys@temptoks=\toks27

("P:\Editors\MiKTeX\MiKTeX 2.9\tex/generic/pgf/utilities\pgfkeysfiltered.code.t
ex"
\pgfkeys@tmptoks=\toks28
))
\pgf@x=\dimen171
\pgf@y=\dimen172
\pgf@xa=\dimen173
\pgf@ya=\dimen174
\pgf@xb=\dimen175
\pgf@yb=\dimen176
\pgf@xc=\dimen177
\pgf@yc=\dimen178
\w@pgf@writea=\write3
\r@pgf@reada=\read3
\c@pgf@counta=\count277
\c@pgf@countb=\count278
\c@pgf@countc=\count279
\c@pgf@countd=\count280
\t@pgf@toka=\toks29
\t@pgf@tokb=\toks30
\t@pgf@tokc=\toks31
\pgf@sys@id@count=\count281
 ("P:\Editors\MiKTeX\MiKTeX 2.9\tex/generic/pgf/systemlayer\pgf.cfg"
File: pgf.cfg 2019/01/05 v3.1 (3.1)
)
Driver file for pgf: pgfsys-pdftex.def

("P:\Editors\MiKTeX\MiKTeX 2.9\tex/generic/pgf/systemlayer\pgfsys-pdftex.def"
File: pgfsys-pdftex.def 2019/01/05 v3.1 (3.1)

("P:\Editors\MiKTeX\MiKTeX 2.9\tex/generic/pgf/systemlayer\pgfsys-common-pdf.de
f"
File: pgfsys-common-pdf.def 2019/01/05 v3.1 (3.1)
)))
("P:\Editors\MiKTeX\MiKTeX 2.9\tex/generic/pgf/systemlayer\pgfsyssoftpath.code.
tex"
File: pgfsyssoftpath.code.tex 2019/01/05 v3.1 (3.1)
\pgfsyssoftpath@smallbuffer@items=\count282
\pgfsyssoftpath@bigbuffer@items=\count283
)
("P:\Editors\MiKTeX\MiKTeX 2.9\tex/generic/pgf/systemlayer\pgfsysprotocol.code.
tex"
File: pgfsysprotocol.code.tex 2019/01/05 v3.1 (3.1)
)) ("P:\Editors\MiKTeX\MiKTeX 2.9\tex/latex/xcolor\xcolor.sty"
Package: xcolor 2016/05/11 v2.12 LaTeX color extensions (UK)

("P:\Editors\MiKTeX\MiKTeX 2.9\tex/latex/graphics-cfg\color.cfg"
File: color.cfg 2016/01/02 v1.6 sample color configuration
)
Package xcolor Info: Driver file: pdftex.def on input line 225.
LaTeX Info: Redefining \color on input line 709.
Package xcolor Info: Model `cmy' substituted by `cmy0' on input line 1348.
Package xcolor Info: Model `hsb' substituted by `rgb' on input line 1352.
Package xcolor Info: Model `RGB' extended on input line 1364.
Package xcolor Info: Model `HTML' substituted by `rgb' on input line 1366.
Package xcolor Info: Model `Hsb' substituted by `hsb' on input line 1367.
Package xcolor Info: Model `tHsb' substituted by `hsb' on input line 1368.
Package xcolor Info: Model `HSB' substituted by `hsb' on input line 1369.
Package xcolor Info: Model `Gray' substituted by `gray' on input line 1370.
Package xcolor Info: Model `wave' substituted by `hsb' on input line 1371.
)
("P:\Editors\MiKTeX\MiKTeX 2.9\tex/generic/pgf/basiclayer\pgfcore.code.tex"
Package: pgfcore 2019/01/05 v3.1 (3.1)

("P:\Editors\MiKTeX\MiKTeX 2.9\tex/generic/pgf/math\pgfmath.code.tex"
("P:\Editors\MiKTeX\MiKTeX 2.9\tex/generic/pgf/math\pgfmathcalc.code.tex"
("P:\Editors\MiKTeX\MiKTeX 2.9\tex/generic/pgf/math\pgfmathutil.code.tex")
("P:\Editors\MiKTeX\MiKTeX 2.9\tex/generic/pgf/math\pgfmathparser.code.tex"
\pgfmath@dimen=\dimen179
\pgfmath@count=\count284
\pgfmath@box=\box73
\pgfmath@toks=\toks32
\pgfmath@stack@operand=\toks33
\pgfmath@stack@operation=\toks34
)
("P:\Editors\MiKTeX\MiKTeX 2.9\tex/generic/pgf/math\pgfmathfunctions.code.tex"
("P:\Editors\MiKTeX\MiKTeX 2.9\tex/generic/pgf/math\pgfmathfunctions.basic.code
.tex")
("P:\Editors\MiKTeX\MiKTeX 2.9\tex/generic/pgf/math\pgfmathfunctions.trigonomet
ric.code.tex")
("P:\Editors\MiKTeX\MiKTeX 2.9\tex/generic/pgf/math\pgfmathfunctions.random.cod
e.tex")
("P:\Editors\MiKTeX\MiKTeX 2.9\tex/generic/pgf/math\pgfmathfunctions.comparison
.code.tex")
("P:\Editors\MiKTeX\MiKTeX 2.9\tex/generic/pgf/math\pgfmathfunctions.base.code.
tex")
("P:\Editors\MiKTeX\MiKTeX 2.9\tex/generic/pgf/math\pgfmathfunctions.round.code
.tex")
("P:\Editors\MiKTeX\MiKTeX 2.9\tex/generic/pgf/math\pgfmathfunctions.misc.code.
tex")
("P:\Editors\MiKTeX\MiKTeX 2.9\tex/generic/pgf/math\pgfmathfunctions.integerari
thmetics.code.tex")))
("P:\Editors\MiKTeX\MiKTeX 2.9\tex/generic/pgf/math\pgfmathfloat.code.tex"
\c@pgfmathroundto@lastzeros=\count285
))
("P:\Editors\MiKTeX\MiKTeX 2.9\tex/generic/pgf/basiclayer\pgfcorepoints.code.te
x"
File: pgfcorepoints.code.tex 2019/01/05 v3.1 (3.1)
\pgf@picminx=\dimen180
\pgf@picmaxx=\dimen181
\pgf@picminy=\dimen182
\pgf@picmaxy=\dimen183
\pgf@pathminx=\dimen184
\pgf@pathmaxx=\dimen185
\pgf@pathminy=\dimen186
\pgf@pathmaxy=\dimen187
\pgf@xx=\dimen188
\pgf@xy=\dimen189
\pgf@yx=\dimen190
\pgf@yy=\dimen191
\pgf@zx=\dimen192
\pgf@zy=\dimen193
)
("P:\Editors\MiKTeX\MiKTeX 2.9\tex/generic/pgf/basiclayer\pgfcorepathconstruct.
code.tex"
File: pgfcorepathconstruct.code.tex 2019/01/05 v3.1 (3.1)
\pgf@path@lastx=\dimen194
\pgf@path@lasty=\dimen195
)
("P:\Editors\MiKTeX\MiKTeX 2.9\tex/generic/pgf/basiclayer\pgfcorepathusage.code
.tex"
File: pgfcorepathusage.code.tex 2019/01/05 v3.1 (3.1)
\pgf@shorten@end@additional=\dimen196
\pgf@shorten@start@additional=\dimen197
)
("P:\Editors\MiKTeX\MiKTeX 2.9\tex/generic/pgf/basiclayer\pgfcorescopes.code.te
x"
File: pgfcorescopes.code.tex 2019/01/05 v3.1 (3.1)
\pgfpic=\box74
\pgf@hbox=\box75
\pgf@layerbox@main=\box76
\pgf@picture@serial@count=\count286
)
("P:\Editors\MiKTeX\MiKTeX 2.9\tex/generic/pgf/basiclayer\pgfcoregraphicstate.c
ode.tex"
File: pgfcoregraphicstate.code.tex 2019/01/05 v3.1 (3.1)
\pgflinewidth=\dimen198
)
("P:\Editors\MiKTeX\MiKTeX 2.9\tex/generic/pgf/basiclayer\pgfcoretransformation
s.code.tex"
File: pgfcoretransformations.code.tex 2019/01/05 v3.1 (3.1)
\pgf@pt@x=\dimen199
\pgf@pt@y=\dimen256
\pgf@pt@temp=\dimen257
)
("P:\Editors\MiKTeX\MiKTeX 2.9\tex/generic/pgf/basiclayer\pgfcorequick.code.tex
"
File: pgfcorequick.code.tex 2019/01/05 v3.1 (3.1)
)
("P:\Editors\MiKTeX\MiKTeX 2.9\tex/generic/pgf/basiclayer\pgfcoreobjects.code.t
ex"
File: pgfcoreobjects.code.tex 2019/01/05 v3.1 (3.1)
)
("P:\Editors\MiKTeX\MiKTeX 2.9\tex/generic/pgf/basiclayer\pgfcorepathprocessing
.code.tex"
File: pgfcorepathprocessing.code.tex 2019/01/05 v3.1 (3.1)
)
("P:\Editors\MiKTeX\MiKTeX 2.9\tex/generic/pgf/basiclayer\pgfcorearrows.code.te
x"
File: pgfcorearrows.code.tex 2019/01/05 v3.1 (3.1)
\pgfarrowsep=\dimen258
)
("P:\Editors\MiKTeX\MiKTeX 2.9\tex/generic/pgf/basiclayer\pgfcoreshade.code.tex
"
File: pgfcoreshade.code.tex 2019/01/05 v3.1 (3.1)
\pgf@max=\dimen259
\pgf@sys@shading@range@num=\count287
)
("P:\Editors\MiKTeX\MiKTeX 2.9\tex/generic/pgf/basiclayer\pgfcoreimage.code.tex
"
File: pgfcoreimage.code.tex 2019/01/05 v3.1 (3.1)

("P:\Editors\MiKTeX\MiKTeX 2.9\tex/generic/pgf/basiclayer\pgfcoreexternal.code.
tex"
File: pgfcoreexternal.code.tex 2019/01/05 v3.1 (3.1)
\pgfexternal@startupbox=\box77
))
("P:\Editors\MiKTeX\MiKTeX 2.9\tex/generic/pgf/basiclayer\pgfcorelayers.code.te
x"
File: pgfcorelayers.code.tex 2019/01/05 v3.1 (3.1)
)
("P:\Editors\MiKTeX\MiKTeX 2.9\tex/generic/pgf/basiclayer\pgfcoretransparency.c
ode.tex"
File: pgfcoretransparency.code.tex 2019/01/05 v3.1 (3.1)
)
("P:\Editors\MiKTeX\MiKTeX 2.9\tex/generic/pgf/basiclayer\pgfcorepatterns.code.
tex"
File: pgfcorepatterns.code.tex 2019/01/05 v3.1 (3.1)
)
("P:\Editors\MiKTeX\MiKTeX 2.9\tex/generic/pgf/basiclayer\pgfcorerdf.code.tex"
File: pgfcorerdf.code.tex 2019/01/05 v3.1 (3.1)
)))
("P:\Editors\MiKTeX\MiKTeX 2.9\tex/generic/pgf/modules\pgfmoduleshapes.code.tex
"
File: pgfmoduleshapes.code.tex 2019/01/05 v3.1 (3.1)
\pgfnodeparttextbox=\box78
) ("P:\Editors\MiKTeX\MiKTeX 2.9\tex/generic/pgf/modules\pgfmoduleplot.code.tex
"
File: pgfmoduleplot.code.tex 2019/01/05 v3.1 (3.1)
)
("P:\Editors\MiKTeX\MiKTeX 2.9\tex/latex/pgf/compatibility\pgfcomp-version-0-65
.sty"
Package: pgfcomp-version-0-65 2019/01/05 v3.1 (3.1)
\pgf@nodesepstart=\dimen260
\pgf@nodesepend=\dimen261
)
("P:\Editors\MiKTeX\MiKTeX 2.9\tex/latex/pgf/compatibility\pgfcomp-version-1-18
.sty"
Package: pgfcomp-version-1-18 2019/01/05 v3.1 (3.1)
)) ("P:\Editors\MiKTeX\MiKTeX 2.9\tex/latex/pgf/utilities\pgffor.sty"
("P:\Editors\MiKTeX\MiKTeX 2.9\tex/latex/pgf/utilities\pgfkeys.sty"
("P:\Editors\MiKTeX\MiKTeX 2.9\tex/generic/pgf/utilities\pgfkeys.code.tex"))
("P:\Editors\MiKTeX\MiKTeX 2.9\tex/latex/pgf/math\pgfmath.sty"
("P:\Editors\MiKTeX\MiKTeX 2.9\tex/generic/pgf/math\pgfmath.code.tex"))
("P:\Editors\MiKTeX\MiKTeX 2.9\tex/generic/pgf/utilities\pgffor.code.tex"
Package: pgffor 2019/01/05 v3.1 (3.1)

("P:\Editors\MiKTeX\MiKTeX 2.9\tex/generic/pgf/math\pgfmath.code.tex")
\pgffor@iter=\dimen262
\pgffor@skip=\dimen263
\pgffor@stack=\toks35
\pgffor@toks=\toks36
))
("P:\Editors\MiKTeX\MiKTeX 2.9\tex/generic/pgf/frontendlayer/tikz\tikz.code.tex
"
Package: tikz 2019/01/05 v3.1 (3.1)

("P:\Editors\MiKTeX\MiKTeX 2.9\tex/generic/pgf/libraries\pgflibraryplothandlers
.code.tex"
File: pgflibraryplothandlers.code.tex 2019/01/05 v3.1 (3.1)
\pgf@plot@mark@count=\count288
\pgfplotmarksize=\dimen264
)
\tikz@lastx=\dimen265
\tikz@lasty=\dimen266
\tikz@lastxsaved=\dimen267
\tikz@lastysaved=\dimen268
\tikzleveldistance=\dimen269
\tikzsiblingdistance=\dimen270
\tikz@figbox=\box79
\tikz@figbox@bg=\box80
\tikz@tempbox=\box81
\tikz@tempbox@bg=\box82
\tikztreelevel=\count289
\tikznumberofchildren=\count290
\tikznumberofcurrentchild=\count291
\tikz@fig@count=\count292

("P:\Editors\MiKTeX\MiKTeX 2.9\tex/generic/pgf/modules\pgfmodulematrix.code.tex
"
File: pgfmodulematrix.code.tex 2019/01/05 v3.1 (3.1)
\pgfmatrixcurrentrow=\count293
\pgfmatrixcurrentcolumn=\count294
\pgf@matrix@numberofcolumns=\count295
)
\tikz@expandcount=\count296

("P:\Editors\MiKTeX\MiKTeX 2.9\tex/generic/pgf/frontendlayer/tikz/libraries\tik
zlibrarytopaths.code.tex"
File: tikzlibrarytopaths.code.tex 2019/01/05 v3.1 (3.1)
)))
("P:\Editors\MiKTeX\MiKTeX 2.9\tex/latex/listings\lstlang1.sty"
File: lstlang1.sty 2018/09/02 1.7 listings language file
)
("P:\Editors\MiKTeX\MiKTeX 2.9\tex/latex/listings\lstlang2.sty"
File: lstlang2.sty 2018/09/02 1.7 listings language file
)
("P:\Editors\MiKTeX\MiKTeX 2.9\tex/latex/listings\lstlang3.sty"
File: lstlang3.sty 2018/09/02 1.7 listings language file
)
\c@homeworkProblemCounter=\count297

(l445-practical-01a.aux)
\openout1 = `l445-practical-01a.aux'.

LaTeX Font Info:    Checking defaults for OML/cmm/m/it on input line 185.
LaTeX Font Info:    ... okay on input line 185.
LaTeX Font Info:    Checking defaults for T1/cmr/m/n on input line 185.
LaTeX Font Info:    ... okay on input line 185.
LaTeX Font Info:    Checking defaults for OT1/cmr/m/n on input line 185.
LaTeX Font Info:    ... okay on input line 185.
LaTeX Font Info:    Checking defaults for OMS/cmsy/m/n on input line 185.
LaTeX Font Info:    ... okay on input line 185.
LaTeX Font Info:    Checking defaults for OMX/cmex/m/n on input line 185.
LaTeX Font Info:    ... okay on input line 185.
LaTeX Font Info:    Checking defaults for U/cmr/m/n on input line 185.
LaTeX Font Info:    ... okay on input line 185.
Package lastpage Info: Please have a look at the pageslts package at
(lastpage)             https://www.ctan.org/pkg/pageslts
(lastpage)             ! on input line 185.

("P:\Editors\MiKTeX\MiKTeX 2.9\tex/context/base\supp-pdf.mkii"
[Loading MPS to PDF converter (version 2006.09.02).]
\scratchcounter=\count298
\scratchdimen=\dimen271
\scratchbox=\box83
\nofMPsegments=\count299
\nofMParguments=\count300
\everyMPshowfont=\toks37
\MPscratchCnt=\count301
\MPscratchDim=\dimen272
\MPnumerator=\count302
\makeMPintoPDFobject=\count303
\everyMPtoPDFconversion=\toks38
) ("P:\Editors\MiKTeX\MiKTeX 2.9\tex/latex/oberdiek\epstopdf-base.sty"
Package: epstopdf-base 2016/05/15 v2.6 Base part for package epstopdf

("P:\Editors\MiKTeX\MiKTeX 2.9\tex/generic/oberdiek\infwarerr.sty"
Package: infwarerr 2016/05/16 v1.4 Providing info/warning/error messages (HO)
)
("P:\Editors\MiKTeX\MiKTeX 2.9\tex/latex/oberdiek\grfext.sty"
Package: grfext 2016/05/16 v1.2 Manage graphics extensions (HO)

("P:\Editors\MiKTeX\MiKTeX 2.9\tex/generic/oberdiek\kvdefinekeys.sty"
Package: kvdefinekeys 2016/05/16 v1.4 Define keys (HO)

("P:\Editors\MiKTeX\MiKTeX 2.9\tex/generic/oberdiek\ltxcmds.sty"
Package: ltxcmds 2016/05/16 v1.23 LaTeX kernel commands for general use (HO)
)))
("P:\Editors\MiKTeX\MiKTeX 2.9\tex/latex/oberdiek\kvoptions.sty"
Package: kvoptions 2016/05/16 v3.12 Key value format for package options (HO)

("P:\Editors\MiKTeX\MiKTeX 2.9\tex/generic/oberdiek\kvsetkeys.sty"
Package: kvsetkeys 2016/05/16 v1.17 Key value parser (HO)

("P:\Editors\MiKTeX\MiKTeX 2.9\tex/generic/oberdiek\etexcmds.sty"
Package: etexcmds 2016/05/16 v1.6 Avoid name clashes with e-TeX commands (HO)

("P:\Editors\MiKTeX\MiKTeX 2.9\tex/generic/oberdiek\ifluatex.sty"
Package: ifluatex 2016/05/16 v1.4 Provides the ifluatex switch (HO)
Package ifluatex Info: LuaTeX not detected.
))))
("P:\Editors\MiKTeX\MiKTeX 2.9\tex/generic/oberdiek\pdftexcmds.sty"
Package: pdftexcmds 2018/09/10 v0.29 Utility functions of pdfTeX for LuaTeX (HO
)

("P:\Editors\MiKTeX\MiKTeX 2.9\tex/generic/oberdiek\ifpdf.sty"
Package: ifpdf 2018/09/07 v3.3 Provides the ifpdf switch
)
Package pdftexcmds Info: LuaTeX not detected.
Package pdftexcmds Info: \pdf@primitive is available.
Package pdftexcmds Info: \pdf@ifprimitive is available.
Package pdftexcmds Info: \pdfdraftmode found.
)
Package epstopdf-base Info: Redefining graphics rule for `.eps' on input line 4
38.
Package grfext Info: Graphics extension search list:
(grfext)             [.pdf,.png,.jpg,.mps,.jpeg,.jbig2,.jb2,.PDF,.PNG,.JPG,.JPE
G,.JBIG2,.JB2,.eps]
(grfext)             \AppendGraphicsExtensions on input line 456.
)
\c@lstlisting=\count304

ABD: EveryShipout initializing macros [1

{C:/Users/dante/AppData/Local/MiKTeX/2.9/pdftex/config/pdftex.map}] (l445-pract
ical-01a.toc)
\tf@toc=\write4
\openout4 = `l445-practical-01a.toc'.



Package Fancyhdr Warning: \headheight is too small (12.0pt): 
 Make it at least 22.54448pt.
 We now make it that large for the rest of the document.
 This may cause the page layout to be inconsistent, however.

[2] 
AED: lastpage setting LastPage

Package Fancyhdr Warning: \headheight is too small (12.0pt): 
 Make it at least 22.54448pt.
 We now make it that large for the rest of the document.
 This may cause the page layout to be inconsistent, however.

[3] (l445-practical-01a.aux) ) 
Here is how much of TeX's memory you used:
 24836 strings out of 492946
 482610 string characters out of 3135086
 792490 words of memory out of 3000000
 28400 multiletter control sequences out of 15000+200000
 538028 words of font info for 44 fonts, out of 3000000 for 9000
 1141 hyphenation exceptions out of 8191
 64i,11n,63p,402b,317s stack positions out of 5000i,500n,10000p,200000b,50000s
<P:/Editors/MiKTeX/MiKTeX 2.9/fonts/type1/public/
amsfonts/cm/cmbx10.pfb><P:/Editors/MiKTeX/MiKTeX 2.9/fonts/type1/public/amsfont
s/cm/cmbx12.pfb><P:/Editors/MiKTeX/MiKTeX 2.9/fonts/type1/public/amsfonts/cm/cm
r10.pfb><P:/Editors/MiKTeX/MiKTeX 2.9/fonts/type1/public/amsfonts/cm/cmr12.pfb>
Output written on l445-practical-01a.pdf (3 pages, 64075 bytes).
PDF statistics:
 31 PDF objects out of 1000 (max. 8388607)
 0 named destinations out of 1000 (max. 500000)
 13 words of extra memory for PDF output out of 10000 (max. 10000000)

